Arguments: 
  /Users/morisseau/.nvm/versions/node/v14.19.3/bin/node /usr/local/bin/yarn init

PATH: 
  /Users/morisseau/.nvm/versions/node/v14.19.3/bin:/Users/morisseau/opt/anaconda3/bin:/Users/morisseau/opt/anaconda3/condabin:/opt/homebrew/bin:/opt/homebrew/sbin:/usr/local/bin:/usr/bin:/bin:/usr/sbin:/sbin:/usr/local/share/dotnet:~/.dotnet/tools:/Library/Apple/usr/bin

Yarn version: 
  1.22.18

Node version: 
  14.19.3

Platform: 
  darwin x64

Trace: 
  Error: canceled
      at Interface.<anonymous> (/usr/local/lib/node_modules/yarn/lib/cli.js:137143:13)
      at Interface.emit (events.js:400:28)
      at Interface._ttyWrite (readline.js:1001:16)
      at ReadStream.onkeypress (readline.js:265:10)
      at ReadStream.emit (events.js:400:28)
      at emitKeys (internal/readline/utils.js:358:14)
      at emitKeys.next (<anonymous>)
      at ReadStream.onData (readline.js:1270:36)
      at ReadStream.emit (events.js:400:28)
      at addChunk (internal/streams/readable.js:293:12)

npm manifest: 
  {
    "dependencies": {
      "typescript": "^4.7.2"
    }
  }

yarn manifest: 
  No manifest

Lockfile: 
  # THIS IS AN AUTOGENERATED FILE. DO NOT EDIT THIS FILE DIRECTLY.
  # yarn lockfile v1
  
  
  typescript@^4.7.2:
    version "4.7.2"
    resolved "https://registry.yarnpkg.com/typescript/-/typescript-4.7.2.tgz#1f9aa2ceb9af87cca227813b4310fff0b51593c4"
    integrity sha512-Mamb1iX2FDUpcTRzltPxgWMKy3fhg0TN378ylbktPGPK/99KbDtMQ4W1hwgsbPAsG3a0xKa1vmw4VKZQbkvz5A==
